#
# There is insufficient memory for the Java Runtime Environment to continue.
# Native memory allocation (mmap) failed to map 134217728 bytes for Failed to commit area from 0x0000000081400000 to 0x0000000089400000 of length 134217728.
# Possible reasons:
#   The system is out of physical RAM or swap space
#   The process is running with CompressedOops enabled, and the Java Heap may be blocking the growth of the native heap
# Possible solutions:
#   Reduce memory load on the system
#   Increase physical memory or swap space
#   Check if swap backing store is full
#   Decrease Java heap size (-Xmx/-Xms)
#   Decrease number of Java threads
#   Decrease Java thread stack sizes (-Xss)
#   Set larger code cache with -XX:ReservedCodeCacheSize=
# This output file may be truncated or incomplete.
#
#  Out of Memory Error (t:/workspace/hotspot/src/os/windows/vm/os_windows.cpp:3357), pid=14152, tid=16548
#
# JRE version:  (9.0+11) (build )
# Java VM: Java HotSpot(TM) 64-Bit Server VM (9.0.1+11, mixed mode, tiered, compressed oops, g1 gc, windows-amd64)
# No core dump will be written. Minidumps are not enabled by default on client versions of Windows
#

---------------  S U M M A R Y ------------

Command Line: -javaagent:C:\Program Files\JetBrains\IntelliJ IDEA 2017.3.2\lib\idea_rt.jar=65385:C:\Program Files\JetBrains\IntelliJ IDEA 2017.3.2\bin -Dfile.encoding=UTF-8 main

Host: Intel(R) Core(TM) i7-5500U CPU @ 2.40GHz, 4 cores, 7G,  Windows 10 , 64 bit Build 14393 (10.0.14393.1198)
Time: Mon Jan 01 16:54:42 2018 Jerusalem Standard Time elapsed time: 0 seconds (0d 0h 0m 0s)

---------------  T H R E A D  ---------------

Current thread (0x00000170f43bf800):  JavaThread "Unknown thread" [_thread_in_vm, id=16548, stack(0x0000002bc5d00000,0x0000002bc5e00000)]

Stack: [0x0000002bc5d00000,0x0000002bc5e00000]
Native frames: (J=compiled Java code, j=interpreted, Vv=VM code, C=native code)
V  [jvm.dll+0x5870b8]
V  [jvm.dll+0x69c0ee]
V  [jvm.dll+0x69d00a]
V  [jvm.dll+0x69d643]
V  [jvm.dll+0x21d148]
V  [jvm.dll+0x584bf4]
V  [jvm.dll+0x57a005]
V  [jvm.dll+0x2cd46b]
V  [jvm.dll+0x2cd3d3]
V  [jvm.dll+0x2cd2a2]
V  [jvm.dll+0x2cf2a3]
V  [jvm.dll+0x319203]
V  [jvm.dll+0x319916]
V  [jvm.dll+0x319303]
V  [jvm.dll+0x2adbf8]
V  [jvm.dll+0x2aee37]
V  [jvm.dll+0x67b1ed]
V  [jvm.dll+0x67c5ac]
V  [jvm.dll+0x3269c9]
V  [jvm.dll+0x6653ee]
V  [jvm.dll+0x391931]
V  [jvm.dll+0x3938e1]
C  [java.exe+0x34f1]
C  [java.exe+0xe24f]
C  [java.exe+0xe3f6]
C  [KERNEL32.DLL+0x8364]
C  [ntdll.dll+0x67091]


---------------  P R O C E S S  ---------------

Java Threads: ( => current thread )

Other Threads:
  0x00000170f43d5800 GCTaskThread "GC Thread#0" [stack: 0x0000002bc5e00000,0x0000002bc5f00000] [id=19272]
  0x00000170f43d7000 GCTaskThread "GC Thread#1" [stack: 0x0000002bc5f00000,0x0000002bc6000000] [id=11048]
  0x00000170f43d9800 GCTaskThread "GC Thread#2" [stack: 0x0000002bc6000000,0x0000002bc6100000] [id=18044]
  0x00000170f43db000 GCTaskThread "GC Thread#3" [stack: 0x0000002bc6100000,0x0000002bc6200000] [id=20828]
  0x00000170f4461000 ConcurrentGCThread "G1 Main Marker" [stack: 0x0000002bc6700000,0x0000002bc6800000] [id=18264]
  0x00000170f446c800 ConcurrentGCThread "G1 Marker#0" [stack: 0x0000002bc6800000,0x0000002bc6900000] [id=15036]
  0x00000170f43ea800 ConcurrentGCThread "G1 Refine#0" [stack: 0x0000002bc6500000,0x0000002bc6600000] [id=16540]
  0x00000170f43e5000 ConcurrentGCThread "G1 Refine#1" [stack: 0x0000002bc6400000,0x0000002bc6500000] [id=10740]
  0x00000170f43e4000 ConcurrentGCThread "G1 Refine#2" [stack: 0x0000002bc6300000,0x0000002bc6400000] [id=6912]
  0x00000170f43dc800 ConcurrentGCThread "G1 Refine#3" [stack: 0x0000002bc6200000,0x0000002bc6300000] [id=8036]
  0x00000170f43eb800 ConcurrentGCThread "G1 Young RemSet Sampling" [stack: 0x0000002bc6600000,0x0000002bc6700000] [id=16976]

=>0x00000170f43bf800 (exited) JavaThread "Unknown thread" [_thread_in_vm, id=16548, stack(0x0000002bc5d00000,0x0000002bc5e00000)]

Threads with active compile tasks:

VM state:not at safepoint (not fully initialized)

VM Mutex/Monitor currently owned by a thread:  ([mutex/lock_event])
[0x00000170f43be140] Heap_lock - owner thread: 0x00000170f43bf800

Heap address: 0x0000000081400000, size: 2028 MB, Compressed Oops mode: Non-zero based: 0x0000000081400000
Narrow klass base: 0x0000000000000000, Narrow klass shift: 0

GC Heap History (0 events):
No events

Deoptimization events (0 events):
No events

Classes redefined (0 events):
No events

Internal exceptions (0 events):
No events

Events (0 events):
No events


Dynamic libraries:
0x00007ff6051c0000 - 0x00007ff6051fe000 	C:\Program Files\Java\jdk-9.0.1\bin\java.exe
0x00007ffdb9e40000 - 0x00007ffdba012000 	C:\WINDOWS\SYSTEM32\ntdll.dll
0x00007ffdb7f70000 - 0x00007ffdb801c000 	C:\WINDOWS\System32\KERNEL32.DLL
0x00007ffd9ead0000 - 0x00007ffd9eb04000 	C:\Program Files (x86)\AVG\Antivirus\x64\aswhooka.dll
0x00007ffdb6f30000 - 0x00007ffdb714d000 	C:\WINDOWS\System32\KERNELBASE.dll
0x00007ffdb7ba0000 - 0x00007ffdb7c42000 	C:\WINDOWS\System32\ADVAPI32.dll
0x00007ffdb7ed0000 - 0x00007ffdb7f6e000 	C:\WINDOWS\System32\msvcrt.dll
0x00007ffdb7e00000 - 0x00007ffdb7e59000 	C:\WINDOWS\System32\sechost.dll
0x00007ffdb7750000 - 0x00007ffdb7871000 	C:\WINDOWS\System32\RPCRT4.dll
0x00007ffdb7c90000 - 0x00007ffdb7df5000 	C:\WINDOWS\System32\USER32.dll
0x00007ffdb6510000 - 0x00007ffdb652e000 	C:\WINDOWS\System32\win32u.dll
0x00007ffdb7c50000 - 0x00007ffdb7c84000 	C:\WINDOWS\System32\GDI32.dll
0x00007ffdb6620000 - 0x00007ffdb67a0000 	C:\WINDOWS\System32\gdi32full.dll
0x00007ffda7a10000 - 0x00007ffda7c8a000 	C:\WINDOWS\WinSxS\amd64_microsoft.windows.common-controls_6595b64144ccf1df_6.0.14393.953_none_42151e83c686086b\COMCTL32.dll
0x00007ffdb73e0000 - 0x00007ffdb76a8000 	C:\WINDOWS\System32\combase.dll
0x00007ffdb7200000 - 0x00007ffdb72f5000 	C:\WINDOWS\System32\ucrtbase.dll
0x00007ffdb7300000 - 0x00007ffdb736a000 	C:\WINDOWS\System32\bcryptPrimitives.dll
0x00007ffda5e00000 - 0x00007ffda5e0a000 	C:\WINDOWS\SYSTEM32\VERSION.dll
0x00007ffdb9c70000 - 0x00007ffdb9c9e000 	C:\WINDOWS\System32\IMM32.DLL
0x00007ffda64f0000 - 0x00007ffda65df000 	C:\Program Files\Java\jdk-9.0.1\bin\msvcr120.dll
0x00007ffda42a0000 - 0x00007ffda4346000 	C:\Program Files\Java\jdk-9.0.1\bin\msvcp120.dll
0x000000005f760000 - 0x0000000060184000 	C:\Program Files\Java\jdk-9.0.1\bin\server\jvm.dll
0x00007ffdb73d0000 - 0x00007ffdb73d8000 	C:\WINDOWS\System32\PSAPI.DLL
0x00007ffdb3270000 - 0x00007ffdb3279000 	C:\WINDOWS\SYSTEM32\WSOCK32.dll
0x00007ffdb7e60000 - 0x00007ffdb7eca000 	C:\WINDOWS\System32\WS2_32.dll
0x00007ffdb4810000 - 0x00007ffdb4833000 	C:\WINDOWS\SYSTEM32\WINMM.dll
0x00007ffdb47e0000 - 0x00007ffdb480b000 	C:\WINDOWS\SYSTEM32\WINMMBASE.dll
0x00007ffdb6530000 - 0x00007ffdb6572000 	C:\WINDOWS\System32\cfgmgr32.dll
0x00007ffdb3580000 - 0x00007ffdb358f000 	C:\Program Files\Java\jdk-9.0.1\bin\verify.dll
0x00007ffda9fc0000 - 0x00007ffda9fe7000 	C:\Program Files\Java\jdk-9.0.1\bin\java.dll
0x00007ffda7550000 - 0x00007ffda757a000 	C:\Program Files\Java\jdk-9.0.1\bin\instrument.dll
0x00007ffdaa230000 - 0x00007ffdaa246000 	C:\Program Files\Java\jdk-9.0.1\bin\zip.dll
0x00007ffda9fb0000 - 0x00007ffda9fba000 	C:\Program Files\Java\jdk-9.0.1\bin\jimage.dll
0x00007ffdaeae0000 - 0x00007ffdaec72000 	C:\WINDOWS\SYSTEM32\dbghelp.dll

VM Arguments:
jvm_args: -javaagent:C:\Program Files\JetBrains\IntelliJ IDEA 2017.3.2\lib\idea_rt.jar=65385:C:\Program Files\JetBrains\IntelliJ IDEA 2017.3.2\bin -Dfile.encoding=UTF-8 
java_command: main
java_class_path (initial): C:\Users\Roei\Documents\GitHub\Computer-music\MP\bin;C:\Users\Roei\Documents\GitHub\Computer-music\MP\lib\miglayout-swing.jar;C:\Users\Roei\Documents\GitHub\Computer-music\MP\lib\miglayout-core.jar;C:\Users\Roei\Documents\GitHub\Computer-music\MP\lib\jgoodies-forms.jar;C:\Users\Roei\Documents\GitHub\Computer-music\MP\lib\jgoodies-common.jar;C:\Users\Roei\Documents\GitHub\Computer-music\MP\lib\swing-layout.jar;C:\Program Files\Java\jfugue-5.0.9(1).jar
Launcher Type: SUN_STANDARD

Logging:
Log output configuration:
#0: stdout all=warning uptime,level,tags
#1: stderr all=off uptime,level,tags

Environment Variables:
PATH=C:\ProgramData\Oracle\Java\javapath;C:\Program Files (x86)\Intel\iCLS Client\;C:\Program Files\Intel\iCLS Client\;C:\WINDOWS\system32;C:\WINDOWS;C:\WINDOWS\System32\Wbem;C:\WINDOWS\System32\WindowsPowerShell\v1.0\;C:\Program Files\Intel\Intel(R) Management Engine Components\DAL;C:\Program Files (x86)\Intel\Intel(R) Management Engine Components\DAL;C:\Program Files\Intel\Intel(R) Management Engine Components\IPT;C:\Program Files (x86)\Intel\Intel(R) Management Engine Components\IPT;C:\Program Files\Intel\WiFi\bin\;C:\Program Files\Common Files\Intel\WirelessCommon\;C:\Program Files (x86)\Skype\Phone\;C:\Program Files (x86)\GtkSharp\2.12\bin;C:\Users\Roei\AppData\Local\Microsoft\WindowsApps;C:\Users\Roei\AppData\Local\GitHubDesktop\bin
USERNAME=Roei
OS=Windows_NT
PROCESSOR_IDENTIFIER=Intel64 Family 6 Model 61 Stepping 4, GenuineIntel



---------------  S Y S T E M  ---------------

OS: Windows 10 , 64 bit Build 14393 (10.0.14393.1198)

CPU:total 4 (initial active 4) (2 cores per cpu, 2 threads per core) family 6 model 61 stepping 4, cmov, cx8, fxsr, mmx, sse, sse2, sse3, ssse3, sse4.1, sse4.2, popcnt, avx, avx2, aes, clmul, erms, 3dnowpref, lzcnt, ht, tsc, tscinvbit, bmi1, bmi2, adx, fma

Memory: 4k page, physical 8301904k(1829144k free), swap 15409820k(91180k free)

vm_info: Java HotSpot(TM) 64-Bit Server VM (9.0.1+11) for windows-amd64 JRE (9.0.1+11), built on Sep 28 2017 04:54:03 by "mach5one" with MS VC++ 12.0 (VS2013)

END.
